EPos/jnBankPayment/build/outputs/mapping/Payment_Test/release/seeds.txt
com.centerm.jnbank.EposApplication
com.centerm.jnbank.EposApplication: EposApplication()
com.centerm.jnbank.R$anim: int abc_fade_in
com.centerm.jnbank.R$anim: int abc_fade_out
com.centerm.jnbank.R$anim: int abc_grow_fade_in_from_bottom
com.centerm.jnbank.R$anim: int abc_popup_enter
com.centerm.jnbank.R$anim: int abc_popup_exit
com.centerm.jnbank.R$anim: int abc_shrink_fade_out_from_bottom
com.centerm.jnbank.R$anim: int abc_slide_in_bottom
com.centerm.jnbank.R$anim: int abc_slide_in_top
com.centerm.jnbank.R$anim: int abc_slide_out_bottom
com.centerm.jnbank.R$anim: int abc_slide_out_top
com.centerm.jnbank.R$array: int material_colors
com.centerm.jnbank.R$attr: int actionBarDivider
com.centerm.jnbank.R$attr: int actionBarItemBackground
com.centerm.jnbank.R$attr: int actionBarPopupTheme
com.centerm.jnbank.R$attr: int actionBarSize
com.centerm.jnbank.R$attr: int actionBarSplitStyle
com.centerm.jnbank.R$attr: int actionBarStyle
com.centerm.jnbank.R$attr: int actionBarTabBarStyle
com.centerm.jnbank.R$attr: int actionBarTabStyle
com.centerm.jnbank.R$attr: int actionBarTabTextStyle
com.centerm.jnbank.R$attr: int actionBarTheme
com.centerm.jnbank.R$attr: int actionBarWidgetTheme
com.centerm.jnbank.R$attr: int actionButtonStyle
com.centerm.jnbank.R$attr: int actionDropDownStyle
com.centerm.jnbank.R$attr: int actionLayout
com.centerm.jnbank.R$attr: int actionMenuTextAppearance
com.centerm.jnbank.R$attr: int actionMenuTextColor
com.centerm.jnbank.R$attr: int actionModeBackground
com.centerm.jnbank.R$attr: int actionModeCloseButtonStyle
com.centerm.jnbank.R$attr: int actionModeCloseDrawable
com.centerm.jnbank.R$attr: int actionModeCopyDrawable
com.centerm.jnbank.R$attr: int actionModeCutDrawable
com.centerm.jnbank.R$attr: int actionModeFindDrawable
com.centerm.jnbank.R$attr: int actionModePasteDrawable
com.centerm.jnbank.R$attr: int actionModePopupWindowStyle
com.centerm.jnbank.R$attr: int actionModeSelectAllDrawable
com.centerm.jnbank.R$attr: int actionModeShareDrawable
com.centerm.jnbank.R$attr: int actionModeSplitBackground
com.centerm.jnbank.R$attr: int actionModeStyle
com.centerm.jnbank.R$bool: int abc_action_bar_embed_tabs
com.centerm.jnbank.R$bool: int abc_allow_stacked_button_bar
com.centerm.jnbank.R$bool: int abc_config_actionMenuItemAllCaps
com.centerm.jnbank.R$bool: int abc_config_closeDialogWhenTouchOutside
com.centerm.jnbank.R$bool: int abc_config_showMenuShortcutsWhenKeyboardPresent
com.centerm.jnbank.R$color: int abc_background_cache_hint_selector_material_dark
com.centerm.jnbank.R$color: int abc_background_cache_hint_selector_material_light
com.centerm.jnbank.R$color: int abc_btn_colored_borderless_text_material
com.centerm.jnbank.R$color: int abc_btn_colored_text_material
com.centerm.jnbank.R$color: int abc_color_highlight_material
com.centerm.jnbank.R$color: int abc_hint_foreground_material_dark
com.centerm.jnbank.R$color: int abc_hint_foreground_material_light
com.centerm.jnbank.R$color: int abc_input_method_navigation_guard
com.centerm.jnbank.R$color: int abc_primary_text_disable_only_material_dark
com.centerm.jnbank.R$color: int abc_primary_text_disable_only_material_light
com.centerm.jnbank.R$color: int abc_primary_text_material_dark
com.centerm.jnbank.R$color: int abc_primary_text_material_light
com.centerm.jnbank.R$color: int abc_search_url_text
com.centerm.jnbank.R$color: int abc_search_url_text_normal
com.centerm.jnbank.R$color: int abc_search_url_text_pressed
com.centerm.jnbank.R$color: int abc_search_url_text_selected
com.centerm.jnbank.R$color: int abc_secondary_text_material_dark
com.centerm.jnbank.R$color: int abc_secondary_text_material_light
com.centerm.jnbank.R$color: int abc_tint_btn_checkable
com.centerm.jnbank.R$color: int abc_tint_default
com.centerm.jnbank.R$color: int abc_tint_edittext
com.centerm.jnbank.R$color: int abc_tint_seek_thumb
com.centerm.jnbank.R$color: int abc_tint_spinner
...
com.centerm.smartpos.aidl.soundplayer.AidlSoundPlayer$Stub
com.centerm.smartpos.aidl.soundplayer.AidlSoundPlayer$Stub: java.lang.String DESCRIPTOR
com.centerm.smartpos.aidl.soundplayer.AidlSoundPlayer$Stub: int TRANSACTION_play
com.centerm.smartpos.aidl.soundplayer.AidlSoundPlayer$Stub: int TRANSACTION_commonSound
com.centerm.smartpos.aidl.soundplayer.AidlSoundPlayer$Stub: int TRANSACTION_intelligenceSound
com.centerm.smartpos.aidl.soundplayer.AidlSoundPlayer$Stub: int TRANSACTION_readParam
com.centerm.smartpos.aidl.soundplayer.AidlSoundPlayer$Stub: AidlSoundPlayer$Stub()
com.centerm.smartpos.aidl.soundplayer.AidlSoundPlayer$Stub: com.centerm.smartpos.aidl.soundplayer.AidlSoundPlayer asInterface(android.os.IBinder)
com.centerm.smartpos.aidl.soundplayer.AidlSoundPlayer$Stub: android.os.IBinder asBinder()
com.centerm.smartpos.aidl.soundplayer.AidlSoundPlayer$Stub: boolean onTransact(int,android.os.Parcel,android.os.Parcel,int)
com.centerm.smartpos.aidl.soundplayer.AidlSoundPlayer$Stub$Proxy
com.centerm.smartpos.aidl.soundplayer.AidlSoundPlayer$Stub$Proxy: android.os.IBinder mRemote
com.centerm.smartpos.aidl.soundplayer.AidlSoundPlayer$Stub$Proxy: AidlSoundPlayer$Stub$Proxy(android.os.IBinder)
com.centerm.smartpos.aidl.soundplayer.AidlSoundPlayer$Stub$Proxy: android.os.IBinder asBinder()
com.centerm.smartpos.aidl.soundplayer.AidlSoundPlayer$Stub$Proxy: java.lang.String getInterfaceDescriptor()
com.centerm.smartpos.aidl.soundplayer.AidlSoundPlayer$Stub$Proxy: void play(int)
com.centerm.smartpos.aidl.soundplayer.AidlSoundPlayer$Stub$Proxy: void commonSound(java.lang.String,com.centerm.smartpos.aidl.soundplayer.AidlSoundStateChangeListener)
com.centerm.smartpos.aidl.soundplayer.AidlSoundPlayer$Stub$Proxy: void intelligenceSound(java.lang.String,com.centerm.smartpos.aidl.soundplayer.AidlSoundStateChangeListener)
com.centerm.smartpos.aidl.soundplayer.AidlSoundPlayer$Stub$Proxy: void readParam(com.centerm.smartpos.constant.MapBean)
com.centerm.smartpos.aidl.soundplayer.AidlSoundStateChangeListener
com.centerm.smartpos.aidl.soundplayer.AidlSoundStateChangeListener: void onSoundFinish()
com.centerm.smartpos.aidl.soundplayer.AidlSoundStateChangeListener: void onSoundError(int)
com.centerm.smartpos.aidl.soundplayer.AidlSoundStateChangeListener: void onSounding()
com.centerm.smartpos.aidl.soundplayer.AidlSoundStateChangeListener: void onSoundPause()
com.centerm.smartpos.aidl.soundplayer.AidlSoundStateChangeListener$Stub
com.centerm.smartpos.aidl.soundplayer.AidlSoundStateChangeListener$Stub: java.lang.String DESCRIPTOR
com.centerm.smartpos.aidl.soundplayer.AidlSoundStateChangeListener$Stub: int TRANSACTION_onSoundFinish
com.centerm.smartpos.aidl.soundplayer.AidlSoundStateChangeListener$Stub: int TRANSACTION_onSoundError
com.centerm.smartpos.aidl.soundplayer.AidlSoundStateChangeListener$Stub: int TRANSACTION_onSounding
com.centerm.smartpos.aidl.soundplayer.AidlSoundStateChangeListener$Stub: int TRANSACTION_onSoundPause
com.centerm.smartpos.aidl.soundplayer.AidlSoundStateChangeListener$Stub: AidlSoundStateChangeListener$Stub()
com.centerm.smartpos.aidl.soundplayer.AidlSoundStateChangeListener$Stub: com.centerm.smartpos.aidl.soundplayer.AidlSoundStateChangeListener asInterface(android.os.IBinder)
com.centerm.smartpos.aidl.soundplayer.AidlSoundStateChangeListener$Stub: android.os.IBinder asBinder()
com.centerm.smartpos.aidl.soundplayer.AidlSoundStateChangeListener$Stub: boolean onTransact(int,android.os.Parcel,android.os.Parcel,int)