EPos/jnBankPayment/build/outputs/mapping/Payment_Test/release/mapping.txt
com.centerm.jnbank.ActivityStack -> com.centerm.jnbank.a:
    java.lang.String TAG -> a
    java.util.Stack stack -> b
    com.centerm.jnbank.ActivityStack instance -> d
    boolean strictMode -> c
    27:34:com.centerm.jnbank.ActivityStack getInstance() -> a
    37:39:void <init>() -> <init>
    42:43:void logStackSize() -> b
    85:98:android.app.Activity pop(boolean) -> a
    109:125:boolean backTo(java.lang.Class) -> a
    158:164:boolean remove(android.app.Activity,boolean) -> a
    204:218:void removeExcept(java.lang.Class) -> b
    221:227:void remove$4a833494(java.lang.Class) -> c
    230:236:boolean contain(java.lang.Class) -> d
    15:15:void <clinit>() -> <clinit>
com.centerm.jnbank.EposApplication -> com.centerm.jnbank.EposApplication:
    org.apache.log4j.Logger logger -> b
    com.centerm.jnbank.channels.EnumChannel posChannel -> a
    34:35:void <init>() -> <init>
    40:58:void onCreate() -> onCreate
    1060:1135:void initPrintMode():60:135 -> onCreate
    1060:1135:void onCreate():56 -> onCreate
    139:141:void onTerminate() -> onTerminate
    1492:1505:void com.centerm.cpay.midsdk.dev.DeviceFactory.release():492:505 -> onTerminate
    1492:1505:void onTerminate():140 -> onTerminate
    34:34:org.apache.log4j.Logger access$000(com.centerm.jnbank.EposApplication) -> a
com.centerm.jnbank.EposApplication$1 -> com.centerm.jnbank.EposApplication$1:
    com.centerm.jnbank.EposApplication this$0 -> a
    44:44:void <init>(com.centerm.jnbank.EposApplication) -> <init>
    47:53:void onResult(boolean) -> a
com.centerm.jnbank.R -> com.centerm.jnbank.b:
com.centerm.jnbank.R$styleable -> com.centerm.jnbank.b$a:
    int[] ActionBar -> ActionBar
    int ActionBar_background -> ActionBar_background
    int ActionBar_backgroundSplit -> ActionBar_backgroundSplit
    int ActionBar_backgroundStacked -> ActionBar_backgroundStacked
    int ActionBar_contentInsetEnd -> ActionBar_contentInsetEnd
    int ActionBar_contentInsetEndWithActions -> ActionBar_contentInsetEndWithActions
    int ActionBar_contentInsetLeft -> ActionBar_contentInsetLeft
    int ActionBar_contentInsetRight -> ActionBar_contentInsetRight
    int ActionBar_contentInsetStart -> ActionBar_contentInsetStart
    int ActionBar_contentInsetStartWithNavigation -> ActionBar_contentInsetStartWithNavigation
    int ActionBar_customNavigationLayout -> ActionBar_customNavigationLayout
    int ActionBar_displayOptions -> ActionBar_displayOptions
    int ActionBar_divider -> ActionBar_divider
    int ActionBar_elevation -> ActionBar_elevation
    int ActionBar_height -> ActionBar_height
    int ActionBar_hideOnContentScroll -> ActionBar_hideOnContentScroll
    int ActionBar_homeAsUpIndicator -> ActionBar_homeAsUpIndicator
    int ActionBar_homeLayout -> ActionBar_homeLayout
    int ActionBar_icon -> ActionBar_icon
    int ActionBar_indeterminateProgressStyle -> ActionBar_indeterminateProgressStyle
    int ActionBar_itemPadding -> ActionBar_itemPadding
    int ActionBar_logo -> ActionBar_logo
    int ActionBar_navigationMode -> ActionBar_navigationMode
...
com.loopj.android.http.AsyncHttpClient$2 -> com.loopj.android.http.AsyncHttpClient$2:
    com.loopj.android.http.AsyncHttpClient this$0 -> this$0
    1:292:void <init>(com.loopj.android.http.AsyncHttpClient) -> <init>
    295:308:void process(org.apache.http.HttpResponse,org.apache.http.protocol.HttpContext) -> process
com.loopj.android.http.AsyncHttpClient$3 -> com.loopj.android.http.AsyncHttpClient$3:
    com.loopj.android.http.AsyncHttpClient this$0 -> this$0
    1:311:void <init>(com.loopj.android.http.AsyncHttpClient) -> <init>
    315:328:void process(org.apache.http.HttpRequest,org.apache.http.protocol.HttpContext) -> process
com.loopj.android.http.AsyncHttpClient$4 -> com.loopj.android.http.AsyncHttpClient$4:
    com.loopj.android.http.AsyncHttpClient this$0 -> this$0
    1:359:void <init>(com.loopj.android.http.AsyncHttpClient) -> <init>
    362:376:void process(org.apache.http.HttpRequest,org.apache.http.protocol.HttpContext) -> process
com.loopj.android.http.AsyncHttpClient$5 -> com.loopj.android.http.AsyncHttpClient$5:
    com.loopj.android.http.AsyncHttpClient this$0 -> this$0
    1:379:void <init>(com.loopj.android.http.AsyncHttpClient) -> <init>
    382:395:void process(org.apache.http.HttpResponse,org.apache.http.protocol.HttpContext) -> process
com.loopj.android.http.AsyncHttpClient$6 -> com.loopj.android.http.AsyncHttpClient$6:
    com.loopj.android.http.AsyncHttpClient this$0 -> this$0
    1:398:void <init>(com.loopj.android.http.AsyncHttpClient) -> <init>
    402:415:void process(org.apache.http.HttpRequest,org.apache.http.protocol.HttpContext) -> process
com.loopj.android.http.AsyncHttpClient$7 -> com.loopj.android.http.AsyncHttpClient$7:
    com.loopj.android.http.AsyncHttpClient this$0 -> this$0
    java.util.List val$requestList -> val$requestList
    boolean val$mayInterruptIfRunning -> val$mayInterruptIfRunning
    1:949:void <init>(com.loopj.android.http.AsyncHttpClient,java.util.List,boolean) -> <init>
    952:953:void run() -> run
com.loopj.android.http.AsyncHttpClient$InflatingEntity -> com.loopj.android.http.AsyncHttpClient$InflatingEntity:
    java.io.InputStream wrappedStream -> wrappedStream
    java.io.PushbackInputStream pushbackStream -> pushbackStream
    java.util.zip.GZIPInputStream gzippedStream -> gzippedStream
    2003:2004:void <init>(org.apache.http.HttpEntity) -> <init>
    2012:2020:java.io.InputStream getContent() -> getContent
    2026:2026:long getContentLength() -> getContentLength
    2031:2035:void consumeContent() -> consumeContent