EPos/jnBankPayment/build/outputs/mapping/Payment_Test/release/usage.txt
com.centerm.jnbank.ActivityStack:
    129:135:public void removeAll()
    142:147:public void backToBottom()
    245:245:public boolean isStrictMode()
    255:256:public void setStrictMode(boolean)
com.centerm.jnbank.BuildConfig
com.centerm.jnbank.CrashHandler
com.centerm.jnbank.EposApplication:
    144:184:private void importIcParamsInBackground()
    186:188:public static android.content.Context getAppContext()
com.centerm.jnbank.EposApplication$2
com.centerm.jnbank.EposApplication$3
com.centerm.jnbank.R:
    10:10:public R()
com.centerm.jnbank.R$anim
com.centerm.jnbank.R$array
com.centerm.jnbank.R$attr
com.centerm.jnbank.R$bool
com.centerm.jnbank.R$color
com.centerm.jnbank.R$dimen
com.centerm.jnbank.R$drawable
com.centerm.jnbank.R$id
com.centerm.jnbank.R$integer
com.centerm.jnbank.R$layout
com.centerm.jnbank.R$mipmap
com.centerm.jnbank.R$raw
com.centerm.jnbank.R$string
com.centerm.jnbank.R$style
com.centerm.jnbank.R$styleable:
    4714:4714:public R$styleable()
com.centerm.jnbank.activity.CheckCardActivty:
    private static final java.lang.String ALL
    private static final java.lang.String SWIPE_INSERT
    private static final java.lang.String SWIPE_SWING
    private static final java.lang.String INSERT
    private static final java.lang.String SWING
    private static final java.lang.String SWIPE
com.centerm.jnbank.activity.InputOriginInfoActivity:
    392:420:private com.centerm.jnbank.bean.TradeInfo queryAndInitTradeDataByBefer(java.lang.String)
com.centerm.jnbank.activity.MainActivity:
    private android.content.Intent sendSignService
com.centerm.jnbank.activity.MipcaActivityCapture:
    private static final float BEEP_VOLUME
    private static final long VIBRATE_DURATION
com.centerm.jnbank.activity.TradingActivity:
    private int icCardsIndex
    private int magsCardsIndex
    private int refundIndex
    private double jiejiAmount
    private double daijiAmount
    609:627:private void executeUploadScriptResult()
    1729:1754:private void roopToUploadCard()
    1757:1764:private void roopToUploadRefund()
    1767:1786:private void uploadRefundDataTask()
    1789:1796:private void roopToUploadIc()
    1799:1818:private void uploadIcDataTask()
    153:153:static synthetic void access$9600(com.centerm.jnbank.activity.TradingActivity)
    153:153:static synthetic void access$9700(com.centerm.jnbank.activity.TradingActivity)
com.centerm.jnbank.activity.TradingActivity$22
com.centerm.jnbank.activity.TradingActivity$23
com.centerm.jnbank.activity.TradingActivity$24
com.centerm.jnbank.activity.TradingActivity$7
com.centerm.jnbank.activity.WelcomeActivity:
    private static final java.lang.String cs
com.centerm.jnbank.activity.msn.QueryTradeActivity:
    private static final int MSG_QUERY_SUCCESS
    private static final int MSG_CLEAR_LIST_DATA
    private static final int MSG_QUERY_NO_MORE_DATA
    private static final int MSG_QUERY_NO_DATA
com.centerm.jnbank.activity.msn.SettingMarchantActivity:
    private android.widget.EditText marchantName2
com.centerm.jnbank.activity.msn.TradeSummaryActivity:
    private com.centerm.jnbank.activity.msn.TradeSummaryActivity$TradeSummary inDebit
    private com.centerm.jnbank.activity.msn.TradeSummaryActivity$TradeSummary inCredit
    private com.centerm.jnbank.activity.msn.TradeSummaryActivity$TradeSummary outDebit
    private com.centerm.jnbank.activity.msn.TradeSummaryActivity$TradeSummary outCredit
    private java.util.List jiejiList
    private java.util.List daijiList
    private double jiejiAmount
    private double daijiAmount
com.centerm.jnbank.activity.msn.TradeSummaryActivity$TradeSummary:
    246:250:public TradeSummaryActivity$TradeSummary(com.centerm.jnbank.activity.msn.TradeSummaryActivity,java.lang.String,int,double)
    257:258:public void setTypeName(java.lang.String)
    265:266:public void setTotalNum(int)
    273:274:public void setTotalAmt(double)
com.centerm.jnbank.adapter.ObjectBaseAdapter:
    29:31:public void updateView(java.util.List)
...
android.support.v7.widget.ActivityChooserView$2
android.support.v7.widget.ActivityChooserView$3
android.support.v7.widget.ActivityChooserView$4
android.support.v7.widget.ActivityChooserView$ActivityChooserViewAdapter:
    public static final int MAX_ACTIVITY_COUNT_UNLIMITED
    public static final int MAX_ACTIVITY_COUNT_DEFAULT
    private static final int ITEM_VIEW_TYPE_ACTIVITY
    private static final int ITEM_VIEW_TYPE_FOOTER
    private static final int ITEM_VIEW_TYPE_COUNT
    664:673:ActivityChooserView$ActivityChooserViewAdapter(android.support.v7.widget.ActivityChooserView)
    822:822:public int getHistorySize()
android.support.v7.widget.ActivityChooserView$Callbacks:
    562:563:ActivityChooserView$Callbacks(android.support.v7.widget.ActivityChooserView)
android.support.v7.widget.AppCompatButton:
    58:59:public AppCompatButton(android.content.Context)
android.support.v7.widget.AppCompatCheckBox:
    52:53:public AppCompatCheckBox(android.content.Context)
android.support.v7.widget.AppCompatCheckedTextView:
    40:41:public AppCompatCheckedTextView(android.content.Context)
android.support.v7.widget.AppCompatCompoundButtonHelper$DirectSetButtonDrawableInterface
android.support.v7.widget.AppCompatDrawableManager:
    private static final java.lang.String TAG
    private static final boolean DEBUG
    private static final java.lang.String SKIP_DRAWABLE_TAG
    private static final java.lang.String PLATFORM_VD_CLAZZ
    501:504:private void removeDelegate(java.lang.String,android.support.v7.widget.AppCompatDrawableManager$InflateDelegate)
android.support.v7.widget.AppCompatEditText:
    54:55:public AppCompatEditText(android.content.Context)
android.support.v7.widget.AppCompatImageButton:
    52:53:public AppCompatImageButton(android.content.Context)
android.support.v7.widget.AppCompatMultiAutoCompleteTextView:
    60:61:public AppCompatMultiAutoCompleteTextView(android.content.Context)
android.support.v7.widget.AppCompatPopupWindow:
    private static final java.lang.String TAG
    168:171:public boolean getSupportOverlapAnchor()
android.support.v7.widget.AppCompatRadioButton:
    52:53:public AppCompatRadioButton(android.content.Context)
android.support.v7.widget.AppCompatRatingBar:
    37:38:public AppCompatRatingBar(android.content.Context)
android.support.v7.widget.AppCompatSeekBar:
    38:39:public AppCompatSeekBar(android.content.Context)
android.support.v7.widget.AppCompatSeekBarHelper:
    98:98:android.graphics.drawable.Drawable getTickMark()
    102:106:void setTickMarkTintList(android.content.res.ColorStateList)
    110:110:android.content.res.ColorStateList getTickMarkTintList()
    114:118:void setTickMarkTintMode(android.graphics.PorterDuff$Mode)
    122:122:android.graphics.PorterDuff$Mode getTickMarkTintMode()
android.support.v7.widget.AppCompatSpinner:
    private static final int MAX_ITEMS_MEASURED
    private static final java.lang.String TAG
    private static final int MODE_DIALOG
    private static final int MODE_DROPDOWN
    private static final int MODE_THEME
    106:107:public AppCompatSpinner(android.content.Context)
    121:122:public AppCompatSpinner(android.content.Context,int)
android.support.v7.widget.ButtonBarLayout:
    private static final int ALLOW_STACKING_MIN_HEIGHT_DP
    private static final int PEEK_BUTTON_DP
android.support.v7.widget.CardView:
    183:185:public void setContentPadding(int,int,int,int)
android.support.v7.widget.CardViewImpl:
    public abstract void updatePadding(android.support.v7.widget.CardViewDelegate)